<?xml version="1.0" encoding="UTF-8"?>
<!-- Generated by org.testng.reporters.JUnitReportReporter -->
<testsuite hostname="Windows81" name="PraticeRest.CheckParameters" tests="1" failures="0" timestamp="15 Dec 2019 06:52:01 GMT" time="2.327" errors="0">
  <testcase name="checkParameters" time="2.327" classname="PraticeRest.CheckParameters"/>
</testsuite> <!-- PraticeRest.CheckParameters -->
