<?xml version="1.0" encoding="UTF-8"?>
<!-- Generated by org.testng.reporters.JUnitReportReporter -->
<testsuite hostname="Windows81" name="PraticeRest.Authentication" tests="1" failures="0" timestamp="14 Dec 2019 06:55:05 GMT" time="2.567" errors="0">
  <testcase name="checkAuth" time="2.567" classname="PraticeRest.Authentication"/>
</testsuite> <!-- PraticeRest.Authentication -->
