<?xml version="1.0" encoding="UTF-8"?>
<!-- Generated by org.testng.reporters.JUnitReportReporter -->
<testsuite hostname="Windows81" name="PraticeRest.DeleteRequest" tests="1" failures="0" timestamp="1 Dec 2019 07:44:37 GMT" time="1.752" errors="0">
  <testcase name="sendDeleteRequest" time="1.752" classname="PraticeRest.DeleteRequest"/>
</testsuite> <!-- PraticeRest.DeleteRequest -->
