<?xml version="1.0" encoding="UTF-8"?>
<!-- Generated by org.testng.reporters.JUnitReportReporter -->
<testsuite hostname="Windows81" name="com.api.TestScripts.FetchAllEmployees" tests="1" failures="0" timestamp="28 Dec 2019 06:53:11 GMT" time="2.857" errors="0">
  <testcase name="getAllEmp" time="2.857" classname="com.api.TestScripts.FetchAllEmployees"/>
</testsuite> <!-- com.api.TestScripts.FetchAllEmployees -->
