<?xml version="1.0" encoding="UTF-8"?>
<!-- Generated by org.testng.reporters.JUnitReportReporter -->
<testsuite hostname="Windows81" name="PraticeRest.PostRequest" tests="1" failures="0" timestamp="15 Dec 2019 07:48:50 GMT" time="3.718" errors="0">
  <testcase name="sendPostRequest" time="3.718" classname="PraticeRest.PostRequest"/>
</testsuite> <!-- PraticeRest.PostRequest -->
