<?xml version="1.0" encoding="UTF-8"?>
<!-- Generated by org.testng.reporters.JUnitReportReporter -->
<testsuite hostname="Windows81" name="PraticeRest.GetRequest" tests="1" failures="0" timestamp="15 Dec 2019 07:33:02 GMT" time="3.421" errors="0">
  <testcase name="sendGetRequest" time="3.421" classname="PraticeRest.GetRequest"/>
</testsuite> <!-- PraticeRest.GetRequest -->
