<?xml version="1.0" encoding="UTF-8"?>
<!-- Generated by org.testng.reporters.JUnitReportReporter -->
<testsuite hostname="Windows81" name="PraticeRest.FetchExactData" tests="1" failures="0" timestamp="14 Dec 2019 07:59:53 GMT" time="3.637" errors="0">
  <testcase name="fetchDataByKey" time="3.637" classname="PraticeRest.FetchExactData"/>
</testsuite> <!-- PraticeRest.FetchExactData -->
