<?xml version="1.0" encoding="UTF-8"?>
<!-- Generated by org.testng.reporters.JUnitReportReporter -->
<testsuite hostname="Windows81" name="PraticeRest.FetchData" tests="1" failures="0" timestamp="14 Dec 2019 08:05:59 GMT" time="8.430" errors="0">
  <testcase name="fetch" time="8.430" classname="PraticeRest.FetchData"/>
</testsuite> <!-- PraticeRest.FetchData -->
