<?xml version="1.0" encoding="UTF-8"?>
<!-- Generated by org.testng.reporters.JUnitReportReporter -->
<testsuite hostname="Windows81" name="com.api.TestScripts.GetRequestTest" tests="1" failures="0" timestamp="28 Dec 2019 06:54:42 GMT" time="2.910" errors="0">
  <testcase name="fetchCountry" time="2.910" classname="com.api.TestScripts.GetRequestTest"/>
</testsuite> <!-- com.api.TestScripts.GetRequestTest -->
