<?xml version="1.0" encoding="UTF-8"?>
<!-- Generated by org.testng.reporters.JUnitReportReporter -->
<testsuite hostname="Windows81" name="com.api.TestScripts.PostRequestTest" tests="1" failures="0" timestamp="28 Dec 2019 06:54:42 GMT" time="0.215" errors="0">
  <testcase name="createPost" time="0.215" classname="com.api.TestScripts.PostRequestTest"/>
</testsuite> <!-- com.api.TestScripts.PostRequestTest -->
