<?xml version="1.0" encoding="UTF-8"?>
<!-- Generated by org.testng.reporters.JUnitReportReporter -->
<testsuite hostname="Windows81" name="ArjitRest.ArjitRest.AppTest" tests="1" failures="0" timestamp="28 Dec 2019 06:54:42 GMT" time="0.006" errors="0">
  <testcase name="testApp" time="0.006" classname="ArjitRest.ArjitRest.AppTest"/>
</testsuite> <!-- ArjitRest.ArjitRest.AppTest -->
